빌드 시작: 2015-12-03 오후 3:24:15
     1>2 노드의 "C:\Users\CGLAB\Documents\GitHubVisualStudio\CGLABProject\Discrete Mathmatics Program HW\Discrete Mathmatics Program HW\Discrete Mathmatics Program HW.vcxproj" 프로젝트(Build 대상)입니다.
     1>ClCompile:
         D:\Program Files (x86)\Microsoft Visual Studio 14.0\VC\bin\CL.exe /c /Zi /nologo /W3 /WX- /sdl /O2 /Oi /Oy- /GL /D WIN32 /D NDEBUG /D _CONSOLE /D _UNICODE /D UNICODE /Gm- /EHsc /MD /GS /Gy /fp:precise /Zc:wchar_t /Zc:forScope /Zc:inline /Fo"Release\\" /Fd"Release\vc140.pdb" /Gd /TP /analyze- /errorReport:prompt Main.cpp
         Main.cpp
       Link:
         D:\Program Files (x86)\Microsoft Visual Studio 14.0\VC\bin\link.exe /ERRORREPORT:PROMPT /OUT:"C:\Users\CGLAB\Documents\GitHubVisualStudio\CGLABProject\Discrete Mathmatics Program HW\Release\Discrete Mathmatics Program HW.exe" /INCREMENTAL:NO /NOLOGO glew32.lib glut.lib glut32.lib kernel32.lib user32.lib gdi32.lib winspool.lib comdlg32.lib advapi32.lib shell32.lib ole32.lib oleaut32.lib uuid.lib odbc32.lib odbccp32.lib /MANIFEST /MANIFESTUAC:"level='asInvoker' uiAccess='false'" /manifest:embed /Debug /PDB:"C:\Users\CGLAB\Documents\GitHubVisualStudio\CGLABProject\Discrete Mathmatics Program HW\Release\Discrete Mathmatics Program HW.pdb" /SUBSYSTEM:CONSOLE /OPT:REF /OPT:ICF /LTCG:incremental /TLBID:1 /DYNAMICBASE /NXCOMPAT /IMPLIB:"C:\Users\CGLAB\Documents\GitHubVisualStudio\CGLABProject\Discrete Mathmatics Program HW\Release\Discrete Mathmatics Program HW.lib" /MACHINE:X86 /SAFESEH Release\GLSupport.obj
         Release\Main.obj
         코드를 생성하고 있습니다.
         0 of 9 functions ( 0.0%) were compiled, the rest were copied from previous compilation.
           0 functions were new in current compilation
           0 functions had inline decision re-evaluated but remain unchanged
         코드를 생성했습니다.
     1>glut.lib(glut.dll) : error LNK2026: 모듈이 SAFESEH 이미지에 대해 안전하지 않습니다.
     1>glut.lib(glut.dll) : error LNK2026: 모듈이 SAFESEH 이미지에 대해 안전하지 않습니다.
     1>glut.lib(glut.dll) : error LNK2026: 모듈이 SAFESEH 이미지에 대해 안전하지 않습니다.
     1>glut.lib(glut.dll) : error LNK2026: 모듈이 SAFESEH 이미지에 대해 안전하지 않습니다.
     1>glut.lib(glut.dll) : error LNK2026: 모듈이 SAFESEH 이미지에 대해 안전하지 않습니다.
     1>glut.lib(glut.dll) : error LNK2026: 모듈이 SAFESEH 이미지에 대해 안전하지 않습니다.
     1>glut.lib(glut.dll) : error LNK2026: 모듈이 SAFESEH 이미지에 대해 안전하지 않습니다.
     1>glut.lib(glut.dll) : error LNK2026: 모듈이 SAFESEH 이미지에 대해 안전하지 않습니다.
     1>glut.lib(glut.dll) : error LNK2026: 모듈이 SAFESEH 이미지에 대해 안전하지 않습니다.
     1>glut.lib(glut.dll) : error LNK2026: 모듈이 SAFESEH 이미지에 대해 안전하지 않습니다.
     1>C:\Users\CGLAB\Documents\GitHubVisualStudio\CGLABProject\Discrete Mathmatics Program HW\Release\Discrete Mathmatics Program HW.exe : fatal error LNK1281: SAFESEH 이미지를 생성할 수 없습니다.
     1>"C:\Users\CGLAB\Documents\GitHubVisualStudio\CGLABProject\Discrete Mathmatics Program HW\Discrete Mathmatics Program HW\Discrete Mathmatics Program HW.vcxproj" 프로젝트를 빌드했습니다(Build 대상). - 실패

빌드하지 못했습니다.

경과 시간: 00:00:00.65
